PhantomJS is launching GhostDriver...
[INFO  - 2014-02-13T05:18:33.858Z] GhostDriver - Main - running on port 48158
[INFO  - 2014-02-13T05:18:34.778Z] Session [49437d40-946e-11e3-9cff-1fbaa7087897] - _decorateNewWindow - page.settings: {"XSSAuditingEnabled":false,"javascriptCanCloseWindows":true,"javascriptCanOpenWindows":true,"javascriptEnabled":true,"loadImages":false,"localToRemoteUrlAccessEnabled":false,"userAgent":"Mozilla/5.0 (Unknown; Linux i686) AppleWebKit/534.34 (KHTML, like Gecko) PhantomJS/1.9.2 Safari/534.34","webSecurityEnabled":true}
[INFO  - 2014-02-13T05:18:34.778Z] Session [49437d40-946e-11e3-9cff-1fbaa7087897] - page.customHeaders:  - {}
[INFO  - 2014-02-13T05:18:34.778Z] Session [49437d40-946e-11e3-9cff-1fbaa7087897] - CONSTRUCTOR - Desired Capabilities: {"platform":"ANY","browserName":"phantomjs","version":"","javascriptEnabled":true}
[INFO  - 2014-02-13T05:18:34.778Z] Session [49437d40-946e-11e3-9cff-1fbaa7087897] - CONSTRUCTOR - Negotiated Capabilities: {"browserName":"phantomjs","version":"1.9.2","driverName":"ghostdriver","driverVersion":"1.0.4","platform":"linux-unknown-32bit","javascriptEnabled":true,"takesScreenshot":true,"handlesAlerts":false,"databaseEnabled":false,"locationContextEnabled":false,"applicationCacheEnabled":false,"browserConnectionEnabled":false,"cssSelectorsEnabled":true,"webStorageEnabled":false,"rotatable":false,"acceptSslCerts":false,"nativeEvents":true,"proxy":{"proxyType":"direct"}}
[INFO  - 2014-02-13T05:18:34.778Z] SessionManagerReqHand - _postNewSessionCommand - New Session Created: 49437d40-946e-11e3-9cff-1fbaa7087897
[ERROR - 2014-02-13T05:18:41.729Z] Session [49437d40-946e-11e3-9cff-1fbaa7087897] - Page at 'http://www.snapdeal.com/' - Console Error (msg): TypeError: 'null' is not an object (evaluating 'I.pdpAuthenticationDetailDTO')
[ERROR - 2014-02-13T05:18:41.729Z] Session [49437d40-946e-11e3-9cff-1fbaa7087897] - Page at 'http://www.snapdeal.com/' - Console Error (stack): [
  {
    "file": "http://i3.sdlcdn.com/js/j7s17/snapdeal/all2.js",
    "line": 69,
    "function": "H"
  },
  {
    "file": "http://i3.sdlcdn.com/js/j7s17/snapdeal/all2.js",
    "line": 69,
    "function": ""
  },
  {
    "file": "http://i3.sdlcdn.com/js/j7s17/snapdeal/all2.js",
    "line": 16,
    "function": "w"
  },
  {
    "file": "http://i3.sdlcdn.com/js/j7s17/snapdeal/all2.js",
    "line": 16,
    "function": ""
  }
]
[ERROR - 2014-02-13T05:18:43.259Z] Session [49437d40-946e-11e3-9cff-1fbaa7087897] - Page at 'http://www.snapdeal.com/' - Console Error (msg): TypeError: 'null' is not an object (evaluating '$("#"+C).html().replace')
[ERROR - 2014-02-13T05:18:43.259Z] Session [49437d40-946e-11e3-9cff-1fbaa7087897] - Page at 'http://www.snapdeal.com/' - Console Error (stack): [
  {
    "file": "http://i3.sdlcdn.com/js/j7s17/snapdeal/all2.js",
    "line": 74,
    "function": "loadFiles"
  },
  {
    "file": "http://i3.sdlcdn.com/js/j7s17/snapdeal/all2.js",
    "line": 74,
    "function": ""
  },
  {
    "file": "http://i3.sdlcdn.com/js/j7s17/snapdeal/all2.js",
    "line": 16,
    "function": ""
  },
  {
    "file": "http://i3.sdlcdn.com/js/j7s17/snapdeal/all2.js",
    "line": 16,
    "function": ""
  }
]
